c:\users\administrator\desktop\github_code\speex_decoder\speex_decoder\debug\vc141.pdb
c:\users\administrator\desktop\github_code\speex_decoder\speex_decoder\debug\vc141.idb
c:\users\administrator\desktop\github_code\speex_decoder\speex_decoder\debug\lpc.obj
c:\users\administrator\desktop\github_code\speex_decoder\speex_decoder\debug\kiss_fftr.obj
c:\users\administrator\desktop\github_code\speex_decoder\speex_decoder\debug\kiss_fft.obj
c:\users\administrator\desktop\github_code\speex_decoder\speex_decoder\debug\jitter.obj
c:\users\administrator\desktop\github_code\speex_decoder\speex_decoder\debug\high_lsp_tables.obj
c:\users\administrator\desktop\github_code\speex_decoder\speex_decoder\debug\hexc_table.obj
c:\users\administrator\desktop\github_code\speex_decoder\speex_decoder\debug\hexc_10_32_table.obj
c:\users\administrator\desktop\github_code\speex_decoder\speex_decoder\debug\gain_table_lbr.obj
c:\users\administrator\desktop\github_code\speex_decoder\speex_decoder\debug\gain_table.obj
c:\users\administrator\desktop\github_code\speex_decoder\speex_decoder\debug\filterbank.obj
c:\users\administrator\desktop\github_code\speex_decoder\speex_decoder\debug\fftwrap.obj
c:\users\administrator\desktop\github_code\speex_decoder\speex_decoder\debug\exc_8_128_table.obj
c:\users\administrator\desktop\github_code\speex_decoder\speex_decoder\debug\exc_5_64_table.obj
c:\users\administrator\desktop\github_code\speex_decoder\speex_decoder\debug\exc_5_256_table.obj
c:\users\administrator\desktop\github_code\speex_decoder\speex_decoder\debug\exc_20_32_table.obj
c:\users\administrator\desktop\github_code\speex_decoder\speex_decoder\debug\exc_10_32_table.obj
c:\users\administrator\desktop\github_code\speex_decoder\speex_decoder\debug\exc_10_16_table.obj
c:\users\administrator\desktop\github_code\speex_decoder\speex_decoder\debug\buffer.obj
c:\users\administrator\desktop\github_code\speex_decoder\speex_decoder\debug\bits.obj
c:\users\administrator\desktop\github_code\speex_decoder\speex_decoder\debug\main.obj
c:\users\administrator\desktop\github_code\speex_decoder\speex_decoder\debug\nb_celp.obj
c:\users\administrator\desktop\github_code\speex_decoder\speex_decoder\debug\modes.obj
c:\users\administrator\desktop\github_code\speex_decoder\speex_decoder\debug\ltp.obj
c:\users\administrator\desktop\github_code\speex_decoder\speex_decoder\debug\filters.obj
c:\users\administrator\desktop\github_code\speex_decoder\speex_decoder\debug\cb_search.obj
c:\users\administrator\desktop\github_code\speex_decoder\speex_decoder\debug\window.obj
c:\users\administrator\desktop\github_code\speex_decoder\speex_decoder\debug\vbr.obj
c:\users\administrator\desktop\github_code\speex_decoder\speex_decoder\debug\testenc.obj
c:\users\administrator\desktop\github_code\speex_decoder\speex_decoder\debug\stereo.obj
c:\users\administrator\desktop\github_code\speex_decoder\speex_decoder\debug\speex_header.obj
c:\users\administrator\desktop\github_code\speex_decoder\speex_decoder\debug\speex_callbacks.obj
c:\users\administrator\desktop\github_code\speex_decoder\speex_decoder\debug\speex.obj
c:\users\administrator\desktop\github_code\speex_decoder\speex_decoder\debug\smallft.obj
c:\users\administrator\desktop\github_code\speex_decoder\speex_decoder\debug\sb_celp.obj
c:\users\administrator\desktop\github_code\speex_decoder\speex_decoder\debug\resample.obj
c:\users\administrator\desktop\github_code\speex_decoder\speex_decoder\debug\preprocess.obj
c:\users\administrator\desktop\github_code\speex_decoder\speex_decoder\debug\modes_wb.obj
c:\users\administrator\desktop\github_code\speex_decoder\speex_decoder\debug\mdf.obj
c:\users\administrator\desktop\github_code\speex_decoder\speex_decoder\debug\lsp_tables_nb.obj
c:\users\administrator\desktop\github_code\speex_decoder\speex_decoder\debug\lsp.obj
c:\users\administrator\desktop\github_code\speex_decoder\speex_decoder\debug\wav.obj
c:\users\administrator\desktop\github_code\speex_decoder\speex_decoder\debug\vq.obj
c:\users\administrator\desktop\github_code\speex_decoder\speex_decoder\debug\quant_lsp.obj
c:\users\administrator\desktop\github_code\speex_decoder\debug\speex_decoder.exe
c:\users\administrator\desktop\github_code\speex_decoder\debug\speex_decoder.ilk
c:\users\administrator\desktop\github_code\speex_decoder\debug\speex_decoder.pdb
c:\users\administrator\desktop\github_code\speex_decoder\speex_decoder\debug\speex_decoder.tlog\cl.command.1.tlog
c:\users\administrator\desktop\github_code\speex_decoder\speex_decoder\debug\speex_decoder.tlog\cl.read.1.tlog
c:\users\administrator\desktop\github_code\speex_decoder\speex_decoder\debug\speex_decoder.tlog\cl.write.1.tlog
c:\users\administrator\desktop\github_code\speex_decoder\speex_decoder\debug\speex_decoder.tlog\link.command.1.tlog
c:\users\administrator\desktop\github_code\speex_decoder\speex_decoder\debug\speex_decoder.tlog\link.read.1.tlog
c:\users\administrator\desktop\github_code\speex_decoder\speex_decoder\debug\speex_decoder.tlog\link.write.1.tlog
