cl : 命令行 warning D9035: “Gm”选项已否决，并将在将来的版本中移除
  framing.c
  bitwise.c
  wav_io.c
  wave_out.c
  speexenc.c
c:\users\administrator\desktop\github_code\speex_decoder\speex_decoder\speex-1.2.0\src\speexenc.c(104): warning C4018: “>=”: 有符号/无符号不匹配
c:\users\administrator\desktop\github_code\speex_decoder\speex_decoder\speex-1.2.0\src\speexenc.c(422): warning C4244: “=”: 从“double”转换到“float”，可能丢失数据
c:\users\administrator\desktop\github_code\speex_decoder\speex_decoder\speex-1.2.0\src\speexenc.c(539): warning C4244: “函数”: 从“time_t”转换到“unsigned int”，可能丢失数据
c:\users\administrator\desktop\github_code\speex_decoder\speex_decoder\speex-1.2.0\src\speexenc.c(370): warning C4996: '_snprintf': This function or variable may be unsafe. Consider using _snprintf_s instead. To disable deprecation, use _CRT_SECURE_NO_WARNINGS. See online help for details.
  c:\program files (x86)\windows kits\10\include\10.0.10240.0\ucrt\stdio.h(1952): note: 参见“_snprintf”的声明
c:\users\administrator\desktop\github_code\speex_decoder\speex_decoder\speex-1.2.0\src\speexenc.c(562): warning C4996: 'fopen': This function or variable may be unsafe. Consider using fopen_s instead. To disable deprecation, use _CRT_SECURE_NO_WARNINGS. See online help for details.
  c:\program files (x86)\windows kits\10\include\10.0.10240.0\ucrt\stdio.h(205): note: 参见“fopen”的声明
c:\users\administrator\desktop\github_code\speex_decoder\speex_decoder\speex-1.2.0\src\speexenc.c(684): warning C4996: 'fopen': This function or variable may be unsafe. Consider using fopen_s instead. To disable deprecation, use _CRT_SECURE_NO_WARNINGS. See online help for details.
  c:\program files (x86)\windows kits\10\include\10.0.10240.0\ucrt\stdio.h(205): note: 参见“fopen”的声明
  skeleton.c
c:\users\administrator\desktop\github_code\speex_decoder\speex_decoder\speex-1.2.0\src\skeleton.c(36): warning C4996: '_snprintf': This function or variable may be unsafe. Consider using _snprintf_s instead. To disable deprecation, use _CRT_SECURE_NO_WARNINGS. See online help for details.
  c:\program files (x86)\windows kits\10\include\10.0.10240.0\ucrt\stdio.h(1952): note: 参见“_snprintf”的声明
  getopt1.c
  getopt.c
  正在生成代码...
getopt.obj : warning LNK4075: 忽略“/EDITANDCONTINUE”(由于“/SAFESEH”规范)
  speexenc.vcxproj -> C:\Users\Administrator\Desktop\github_code\speex_decoder\speex_decoder\speex-1.2.0\win32\VS2008\Debug\speexenc.exe
